{"C:\\Projects\\adobe-addon-i18n\\packages\\cli\\src\\cli.ts": {"path":"C:\\Projects\\adobe-addon-i18n\\packages\\cli\\src\\cli.ts","statementMap":{"0":{"start":{"line":9,"column":6},"end":{"line":9,"column":null}},"1":{"start":{"line":12,"column":15},"end":{"line":12,"column":null}},"2":{"start":{"line":14,"column":2},"end":{"line":14,"column":null}},"3":{"start":{"line":18,"column":18},"end":{"line":18,"column":null}},"4":{"start":{"line":19,"column":22},"end":{"line":19,"column":null}},"5":{"start":{"line":20,"column":2},"end":{"line":20,"column":null}},"6":{"start":{"line":22,"column":15},"end":{"line":22,"column":null}},"7":{"start":{"line":24,"column":2},"end":{"line":42,"column":null}},"8":{"start":{"line":26,"column":22},"end":{"line":28,"column":null}},"9":{"start":{"line":28,"column":21},"end":{"line":28,"column":96}},"10":{"start":{"line":28,"column":59},"end":{"line":28,"column":95}},"11":{"start":{"line":29,"column":4},"end":{"line":29,"column":null}},"12":{"start":{"line":29,"column":20},"end":{"line":29,"column":null}},"13":{"start":{"line":31,"column":4},"end":{"line":41,"column":null}},"14":{"start":{"line":32,"column":6},"end":{"line":40,"column":null}},"15":{"start":{"line":33,"column":21},"end":{"line":33,"column":null}},"16":{"start":{"line":34,"column":8},"end":{"line":39,"column":null}},"17":{"start":{"line":35,"column":27},"end":{"line":35,"column":null}},"18":{"start":{"line":36,"column":10},"end":{"line":38,"column":null}},"19":{"start":{"line":37,"column":12},"end":{"line":37,"column":null}},"20":{"start":{"line":44,"column":2},"end":{"line":44,"column":null}},"21":{"start":{"line":48,"column":15},"end":{"line":48,"column":null}},"22":{"start":{"line":49,"column":16},"end":{"line":49,"column":null}},"23":{"start":{"line":50,"column":2},"end":{"line":61,"column":null}},"24":{"start":{"line":50,"column":15},"end":{"line":50,"column":18}},"25":{"start":{"line":51,"column":16},"end":{"line":51,"column":null}},"26":{"start":{"line":52,"column":4},"end":{"line":56,"column":null}},"27":{"start":{"line":53,"column":6},"end":{"line":55,"column":null}},"28":{"start":{"line":57,"column":4},"end":{"line":59,"column":null}},"29":{"start":{"line":58,"column":6},"end":{"line":58,"column":null}},"30":{"start":{"line":60,"column":4},"end":{"line":60,"column":null}},"31":{"start":{"line":62,"column":2},"end":{"line":62,"column":null}},"32":{"start":{"line":66,"column":15},"end":{"line":66,"column":null}},"33":{"start":{"line":67,"column":16},"end":{"line":67,"column":null}},"34":{"start":{"line":68,"column":2},"end":{"line":71,"column":null}},"35":{"start":{"line":69,"column":4},"end":{"line":69,"column":null}},"36":{"start":{"line":69,"column":72},"end":{"line":69,"column":null}},"37":{"start":{"line":70,"column":4},"end":{"line":70,"column":null}},"38":{"start":{"line":72,"column":2},"end":{"line":72,"column":null}},"39":{"start":{"line":76,"column":14},"end":{"line":76,"column":null}},"40":{"start":{"line":77,"column":2},"end":{"line":83,"column":null}},"41":{"start":{"line":78,"column":4},"end":{"line":82,"column":null}},"42":{"start":{"line":79,"column":6},"end":{"line":79,"column":null}},"43":{"start":{"line":80,"column":11},"end":{"line":82,"column":null}},"44":{"start":{"line":81,"column":6},"end":{"line":81,"column":null}},"45":{"start":{"line":84,"column":2},"end":{"line":84,"column":null}},"46":{"start":{"line":88,"column":2},"end":{"line":90,"column":null}},"47":{"start":{"line":89,"column":4},"end":{"line":89,"column":null}},"48":{"start":{"line":92,"column":20},"end":{"line":92,"column":null}},"49":{"start":{"line":92,"column":37},"end":{"line":92,"column":45}},"50":{"start":{"line":94,"column":2},"end":{"line":126,"column":null}},"51":{"start":{"line":95,"column":21},"end":{"line":95,"column":null}},"52":{"start":{"line":96,"column":43},"end":{"line":96,"column":null}},"53":{"start":{"line":98,"column":4},"end":{"line":105,"column":null}},"54":{"start":{"line":99,"column":6},"end":{"line":104,"column":null}},"55":{"start":{"line":100,"column":8},"end":{"line":100,"column":null}},"56":{"start":{"line":102,"column":8},"end":{"line":102,"column":null}},"57":{"start":{"line":103,"column":8},"end":{"line":103,"column":null}},"58":{"start":{"line":107,"column":19},"end":{"line":107,"column":null}},"59":{"start":{"line":109,"column":4},"end":{"line":114,"column":null}},"60":{"start":{"line":110,"column":6},"end":{"line":113,"column":null}},"61":{"start":{"line":111,"column":8},"end":{"line":111,"column":null}},"62":{"start":{"line":112,"column":8},"end":{"line":112,"column":null}},"63":{"start":{"line":116,"column":25},"end":{"line":116,"column":null}},"64":{"start":{"line":118,"column":20},"end":{"line":118,"column":null}},"65":{"start":{"line":119,"column":4},"end":{"line":119,"column":null}},"66":{"start":{"line":120,"column":4},"end":{"line":120,"column":null}},"67":{"start":{"line":122,"column":4},"end":{"line":122,"column":null}},"68":{"start":{"line":123,"column":4},"end":{"line":123,"column":null}},"69":{"start":{"line":124,"column":4},"end":{"line":124,"column":null}},"70":{"start":{"line":125,"column":4},"end":{"line":125,"column":null}},"71":{"start":{"line":129,"column":0},"end":{"line":143,"column":null}},"72":{"start":{"line":135,"column":4},"end":{"line":135,"column":null}},"73":{"start":{"line":136,"column":20},"end":{"line":136,"column":null}},"74":{"start":{"line":137,"column":24},"end":{"line":137,"column":null}},"75":{"start":{"line":138,"column":18},"end":{"line":138,"column":null}},"76":{"start":{"line":140,"column":17},"end":{"line":140,"column":null}},"77":{"start":{"line":141,"column":4},"end":{"line":141,"column":null}},"78":{"start":{"line":142,"column":4},"end":{"line":142,"column":null}},"79":{"start":{"line":146,"column":27},"end":{"line":146,"column":null}},"80":{"start":{"line":147,"column":20},"end":{"line":150,"column":null}},"81":{"start":{"line":148,"column":4},"end":{"line":148,"column":null}},"82":{"start":{"line":149,"column":4},"end":{"line":149,"column":null}},"83":{"start":{"line":151,"column":14},"end":{"line":151,"column":null}},"84":{"start":{"line":152,"column":21},"end":{"line":152,"column":null}},"85":{"start":{"line":153,"column":20},"end":{"line":153,"column":null}},"86":{"start":{"line":153,"column":37},"end":{"line":153,"column":57}},"87":{"start":{"line":155,"column":2},"end":{"line":159,"column":null}},"88":{"start":{"line":156,"column":4},"end":{"line":156,"column":null}},"89":{"start":{"line":158,"column":4},"end":{"line":158,"column":null}},"90":{"start":{"line":160,"column":2},"end":{"line":160,"column":null}},"91":{"start":{"line":160,"column":15},"end":{"line":160,"column":null}},"92":{"start":{"line":161,"column":15},"end":{"line":161,"column":null}},"93":{"start":{"line":162,"column":21},"end":{"line":162,"column":null}},"94":{"start":{"line":162,"column":45},"end":{"line":162,"column":49}},"95":{"start":{"line":163,"column":2},"end":{"line":166,"column":null}},"96":{"start":{"line":164,"column":16},"end":{"line":164,"column":null}},"97":{"start":{"line":165,"column":4},"end":{"line":165,"column":null}},"98":{"start":{"line":175,"column":2},"end":{"line":182,"column":null}},"99":{"start":{"line":176,"column":22},"end":{"line":176,"column":null}},"100":{"start":{"line":177,"column":4},"end":{"line":181,"column":null}},"101":{"start":{"line":178,"column":6},"end":{"line":178,"column":null}},"102":{"start":{"line":179,"column":11},"end":{"line":181,"column":null}},"103":{"start":{"line":180,"column":6},"end":{"line":180,"column":null}},"104":{"start":{"line":183,"column":2},"end":{"line":183,"column":null}},"105":{"start":{"line":186,"column":0},"end":{"line":222,"column":null}},"106":{"start":{"line":191,"column":4},"end":{"line":191,"column":null}},"107":{"start":{"line":192,"column":24},"end":{"line":192,"column":null}},"108":{"start":{"line":193,"column":20},"end":{"line":193,"column":null}},"109":{"start":{"line":194,"column":4},"end":{"line":194,"column":null}},"110":{"start":{"line":194,"column":33},"end":{"line":194,"column":null}},"111":{"start":{"line":196,"column":20},"end":{"line":196,"column":null}},"112":{"start":{"line":197,"column":18},"end":{"line":197,"column":null}},"113":{"start":{"line":199,"column":4},"end":{"line":221,"column":null}},"114":{"start":{"line":200,"column":6},"end":{"line":200,"column":null}},"115":{"start":{"line":200,"column":69},"end":{"line":200,"column":null}},"116":{"start":{"line":201,"column":25},"end":{"line":201,"column":null}},"117":{"start":{"line":202,"column":25},"end":{"line":202,"column":null}},"118":{"start":{"line":203,"column":25},"end":{"line":203,"column":null}},"119":{"start":{"line":205,"column":22},"end":{"line":205,"column":null}},"120":{"start":{"line":206,"column":6},"end":{"line":206,"column":null}},"121":{"start":{"line":206,"column":32},"end":{"line":206,"column":null}},"122":{"start":{"line":207,"column":6},"end":{"line":207,"column":null}},"123":{"start":{"line":209,"column":6},"end":{"line":216,"column":null}},"124":{"start":{"line":210,"column":8},"end":{"line":215,"column":null}},"125":{"start":{"line":211,"column":29},"end":{"line":211,"column":null}},"126":{"start":{"line":212,"column":10},"end":{"line":212,"column":null}},"127":{"start":{"line":214,"column":10},"end":{"line":214,"column":null}},"128":{"start":{"line":217,"column":22},"end":{"line":217,"column":null}},"129":{"start":{"line":218,"column":6},"end":{"line":218,"column":null}},"130":{"start":{"line":219,"column":6},"end":{"line":219,"column":null}},"131":{"start":{"line":220,"column":6},"end":{"line":220,"column":null}},"132":{"start":{"line":224,"column":0},"end":{"line":224,"column":null}},"133":{"start":{"line":225,"column":0},"end":{"line":225,"column":null}}},"fnMap":{"0":{"name":"isTranslationCall","decl":{"start":{"line":11,"column":9},"end":{"line":11,"column":27}},"loc":{"start":{"line":11,"column":58},"end":{"line":15,"column":null}},"line":11},"1":{"name":"extractKeys","decl":{"start":{"line":17,"column":9},"end":{"line":17,"column":21}},"loc":{"start":{"line":17,"column":51},"end":{"line":45,"column":null}},"line":17},"2":{"name":"(anonymous_2)","decl":{"start":{"line":28,"column":7},"end":{"line":28,"column":13}},"loc":{"start":{"line":28,"column":21},"end":{"line":28,"column":96}},"line":28},"3":{"name":"(anonymous_3)","decl":{"start":{"line":28,"column":43},"end":{"line":28,"column":49}},"loc":{"start":{"line":28,"column":59},"end":{"line":28,"column":95}},"line":28},"4":{"name":"(anonymous_4)","decl":{"start":{"line":31,"column":15},"end":{"line":31,"column":34}},"loc":{"start":{"line":31,"column":49},"end":{"line":41,"column":5}},"line":31},"5":{"name":"setDeep","decl":{"start":{"line":47,"column":9},"end":{"line":47,"column":17}},"loc":{"start":{"line":47,"column":53},"end":{"line":63,"column":null}},"line":47},"6":{"name":"hasDeep","decl":{"start":{"line":65,"column":9},"end":{"line":65,"column":17}},"loc":{"start":{"line":65,"column":50},"end":{"line":73,"column":null}},"line":65},"7":{"name":"countEmptyDeep","decl":{"start":{"line":75,"column":9},"end":{"line":75,"column":24}},"loc":{"start":{"line":75,"column":42},"end":{"line":85,"column":null}},"line":75},"8":{"name":"safeMerge","decl":{"start":{"line":87,"column":15},"end":{"line":87,"column":25}},"loc":{"start":{"line":87,"column":81},"end":{"line":127,"column":null}},"line":87},"9":{"name":"(anonymous_9)","decl":{"start":{"line":92,"column":26},"end":{"line":92,"column":31}},"loc":{"start":{"line":92,"column":37},"end":{"line":92,"column":45}},"line":92},"10":{"name":"(anonymous_10)","decl":{"start":{"line":134,"column":10},"end":{"line":134,"column":17}},"loc":{"start":{"line":134,"column":29},"end":{"line":143,"column":3}},"line":134},"11":{"name":"translateText","decl":{"start":{"line":145,"column":15},"end":{"line":145,"column":29}},"loc":{"start":{"line":145,"column":97},"end":{"line":167,"column":null}},"line":145},"12":{"name":"(anonymous_12)","decl":{"start":{"line":147,"column":33},"end":{"line":147,"column":50}},"loc":{"start":{"line":147,"column":56},"end":{"line":150,"column":3}},"line":147},"13":{"name":"(anonymous_13)","decl":{"start":{"line":153,"column":20},"end":{"line":153,"column":37}},"loc":{"start":{"line":153,"column":37},"end":{"line":153,"column":57}},"line":153},"14":{"name":"(anonymous_14)","decl":{"start":{"line":162,"column":29},"end":{"line":162,"column":34}},"loc":{"start":{"line":162,"column":45},"end":{"line":162,"column":49}},"line":162},"15":{"name":"(anonymous_15)","decl":{"start":{"line":163,"column":28},"end":{"line":163,"column":43}},"loc":{"start":{"line":163,"column":72},"end":{"line":166,"column":3}},"line":163},"16":{"name":"getMissingKeys","decl":{"start":{"line":169,"column":9},"end":{"line":169,"column":null}},"loc":{"start":{"line":174,"column":42},"end":{"line":184,"column":null}},"line":174},"17":{"name":"(anonymous_17)","decl":{"start":{"line":190,"column":10},"end":{"line":190,"column":17}},"loc":{"start":{"line":190,"column":29},"end":{"line":222,"column":3}},"line":190}},"branchMap":{"0":{"loc":{"start":{"line":29,"column":4},"end":{"line":29,"column":null}},"type":"if","locations":[{"start":{"line":29,"column":4},"end":{"line":29,"column":null}},{"start":{},"end":{}}],"line":29},"1":{"loc":{"start":{"line":32,"column":6},"end":{"line":40,"column":null}},"type":"if","locations":[{"start":{"line":32,"column":6},"end":{"line":40,"column":null}},{"start":{},"end":{}}],"line":32},"2":{"loc":{"start":{"line":32,"column":10},"end":{"line":32,"column":66}},"type":"binary-expr","locations":[{"start":{"line":32,"column":10},"end":{"line":32,"column":41}},{"start":{"line":32,"column":41},"end":{"line":32,"column":66}}],"line":32},"3":{"loc":{"start":{"line":34,"column":8},"end":{"line":39,"column":null}},"type":"if","locations":[{"start":{"line":34,"column":8},"end":{"line":39,"column":null}},{"start":{},"end":{}}],"line":34},"4":{"loc":{"start":{"line":36,"column":10},"end":{"line":38,"column":null}},"type":"if","locations":[{"start":{"line":36,"column":10},"end":{"line":38,"column":null}},{"start":{},"end":{}}],"line":36},"5":{"loc":{"start":{"line":52,"column":4},"end":{"line":56,"column":null}},"type":"if","locations":[{"start":{"line":52,"column":4},"end":{"line":56,"column":null}},{"start":{},"end":{}}],"line":52},"6":{"loc":{"start":{"line":52,"column":8},"end":{"line":52,"column":72}},"type":"binary-expr","locations":[{"start":{"line":52,"column":8},"end":{"line":52,"column":38}},{"start":{"line":52,"column":38},"end":{"line":52,"column":72}}],"line":52},"7":{"loc":{"start":{"line":57,"column":4},"end":{"line":59,"column":null}},"type":"if","locations":[{"start":{"line":57,"column":4},"end":{"line":59,"column":null}},{"start":{},"end":{}}],"line":57},"8":{"loc":{"start":{"line":57,"column":8},"end":{"line":57,"column":59}},"type":"binary-expr","locations":[{"start":{"line":57,"column":8},"end":{"line":57,"column":25}},{"start":{"line":57,"column":25},"end":{"line":57,"column":59}}],"line":57},"9":{"loc":{"start":{"line":69,"column":4},"end":{"line":69,"column":null}},"type":"if","locations":[{"start":{"line":69,"column":4},"end":{"line":69,"column":null}},{"start":{},"end":{}}],"line":69},"10":{"loc":{"start":{"line":69,"column":8},"end":{"line":69,"column":72}},"type":"binary-expr","locations":[{"start":{"line":69,"column":8},"end":{"line":69,"column":33}},{"start":{"line":69,"column":33},"end":{"line":69,"column":53}},{"start":{"line":69,"column":53},"end":{"line":69,"column":72}}],"line":69},"11":{"loc":{"start":{"line":78,"column":4},"end":{"line":82,"column":null}},"type":"if","locations":[{"start":{"line":78,"column":4},"end":{"line":82,"column":null}},{"start":{"line":80,"column":11},"end":{"line":82,"column":null}}],"line":78},"12":{"loc":{"start":{"line":78,"column":8},"end":{"line":78,"column":59}},"type":"binary-expr","locations":[{"start":{"line":78,"column":8},"end":{"line":78,"column":40}},{"start":{"line":78,"column":40},"end":{"line":78,"column":59}}],"line":78},"13":{"loc":{"start":{"line":80,"column":11},"end":{"line":82,"column":null}},"type":"if","locations":[{"start":{"line":80,"column":11},"end":{"line":82,"column":null}},{"start":{},"end":{}}],"line":80},"14":{"loc":{"start":{"line":88,"column":2},"end":{"line":90,"column":null}},"type":"if","locations":[{"start":{"line":88,"column":2},"end":{"line":90,"column":null}},{"start":{},"end":{}}],"line":88},"15":{"loc":{"start":{"line":98,"column":4},"end":{"line":105,"column":null}},"type":"if","locations":[{"start":{"line":98,"column":4},"end":{"line":105,"column":null}},{"start":{},"end":{}}],"line":98},"16":{"loc":{"start":{"line":110,"column":6},"end":{"line":113,"column":null}},"type":"if","locations":[{"start":{"line":110,"column":6},"end":{"line":113,"column":null}},{"start":{},"end":{}}],"line":110},"17":{"loc":{"start":{"line":160,"column":2},"end":{"line":160,"column":null}},"type":"if","locations":[{"start":{"line":160,"column":2},"end":{"line":160,"column":null}},{"start":{},"end":{}}],"line":160},"18":{"loc":{"start":{"line":165,"column":11},"end":{"line":165,"column":null}},"type":"cond-expr","locations":[{"start":{"line":165,"column":33},"end":{"line":165,"column":47}},{"start":{"line":165,"column":47},"end":{"line":165,"column":null}}],"line":165},"19":{"loc":{"start":{"line":172,"column":2},"end":{"line":172,"column":null}},"type":"default-arg","locations":[{"start":{"line":172,"column":11},"end":{"line":172,"column":null}}],"line":172},"20":{"loc":{"start":{"line":173,"column":2},"end":{"line":173,"column":null}},"type":"default-arg","locations":[{"start":{"line":173,"column":52},"end":{"line":173,"column":null}}],"line":173},"21":{"loc":{"start":{"line":176,"column":22},"end":{"line":176,"column":null}},"type":"cond-expr","locations":[{"start":{"line":176,"column":31},"end":{"line":176,"column":52}},{"start":{"line":176,"column":52},"end":{"line":176,"column":null}}],"line":176},"22":{"loc":{"start":{"line":177,"column":4},"end":{"line":181,"column":null}},"type":"if","locations":[{"start":{"line":177,"column":4},"end":{"line":181,"column":null}},{"start":{"line":179,"column":11},"end":{"line":181,"column":null}}],"line":177},"23":{"loc":{"start":{"line":177,"column":8},"end":{"line":177,"column":59}},"type":"binary-expr","locations":[{"start":{"line":177,"column":8},"end":{"line":177,"column":40}},{"start":{"line":177,"column":40},"end":{"line":177,"column":59}}],"line":177},"24":{"loc":{"start":{"line":178,"column":31},"end":{"line":178,"column":55}},"type":"binary-expr","locations":[{"start":{"line":178,"column":31},"end":{"line":178,"column":51}},{"start":{"line":178,"column":51},"end":{"line":178,"column":55}}],"line":178},"25":{"loc":{"start":{"line":179,"column":11},"end":{"line":181,"column":null}},"type":"if","locations":[{"start":{"line":179,"column":11},"end":{"line":181,"column":null}},{"start":{},"end":{}}],"line":179},"26":{"loc":{"start":{"line":179,"column":15},"end":{"line":179,"column":72}},"type":"binary-expr","locations":[{"start":{"line":179,"column":15},"end":{"line":179,"column":34}},{"start":{"line":179,"column":34},"end":{"line":179,"column":72}}],"line":179},"27":{"loc":{"start":{"line":194,"column":4},"end":{"line":194,"column":null}},"type":"if","locations":[{"start":{"line":194,"column":4},"end":{"line":194,"column":null}},{"start":{},"end":{}}],"line":194},"28":{"loc":{"start":{"line":200,"column":6},"end":{"line":200,"column":null}},"type":"if","locations":[{"start":{"line":200,"column":6},"end":{"line":200,"column":null}},{"start":{},"end":{}}],"line":200},"29":{"loc":{"start":{"line":200,"column":10},"end":{"line":200,"column":69}},"type":"binary-expr","locations":[{"start":{"line":200,"column":10},"end":{"line":200,"column":37}},{"start":{"line":200,"column":37},"end":{"line":200,"column":69}}],"line":200},"30":{"loc":{"start":{"line":206,"column":6},"end":{"line":206,"column":null}},"type":"if","locations":[{"start":{"line":206,"column":6},"end":{"line":206,"column":null}},{"start":{},"end":{}}],"line":206}},"s":{"0":0,"1":0,"2":0,"3":0,"4":0,"5":0,"6":0,"7":0,"8":0,"9":0,"10":0,"11":0,"12":0,"13":0,"14":0,"15":0,"16":0,"17":0,"18":0,"19":0,"20":0,"21":0,"22":0,"23":0,"24":0,"25":0,"26":0,"27":0,"28":0,"29":0,"30":0,"31":0,"32":0,"33":0,"34":0,"35":0,"36":0,"37":0,"38":0,"39":0,"40":0,"41":0,"42":0,"43":0,"44":0,"45":0,"46":0,"47":0,"48":0,"49":0,"50":0,"51":0,"52":0,"53":0,"54":0,"55":0,"56":0,"57":0,"58":0,"59":0,"60":0,"61":0,"62":0,"63":0,"64":0,"65":0,"66":0,"67":0,"68":0,"69":0,"70":0,"71":0,"72":0,"73":0,"74":0,"75":0,"76":0,"77":0,"78":0,"79":0,"80":0,"81":0,"82":0,"83":0,"84":0,"85":0,"86":0,"87":0,"88":0,"89":0,"90":0,"91":0,"92":0,"93":0,"94":0,"95":0,"96":0,"97":0,"98":0,"99":0,"100":0,"101":0,"102":0,"103":0,"104":0,"105":0,"106":0,"107":0,"108":0,"109":0,"110":0,"111":0,"112":0,"113":0,"114":0,"115":0,"116":0,"117":0,"118":0,"119":0,"120":0,"121":0,"122":0,"123":0,"124":0,"125":0,"126":0,"127":0,"128":0,"129":0,"130":0,"131":0,"132":0,"133":0},"f":{"0":0,"1":0,"2":0,"3":0,"4":0,"5":0,"6":0,"7":0,"8":0,"9":0,"10":0,"11":0,"12":0,"13":0,"14":0,"15":0,"16":0,"17":0},"b":{"0":[0,0],"1":[0,0],"2":[0,0],"3":[0,0],"4":[0,0],"5":[0,0],"6":[0,0],"7":[0,0],"8":[0,0],"9":[0,0],"10":[0,0,0],"11":[0,0],"12":[0,0],"13":[0,0],"14":[0,0],"15":[0,0],"16":[0,0],"17":[0,0],"18":[0,0],"19":[0],"20":[0],"21":[0,0],"22":[0,0],"23":[0,0],"24":[0,0],"25":[0,0],"26":[0,0],"27":[0,0],"28":[0,0],"29":[0,0],"30":[0,0]},"meta":{"lastBranch":31,"lastFunction":18,"lastStatement":134,"seen":{"s:9:6:9:Infinity":0,"f:11:9:11:27":0,"s:12:15:12:Infinity":1,"s:14:2:14:Infinity":2,"f:17:9:17:21":1,"s:18:18:18:Infinity":3,"s:19:22:19:Infinity":4,"s:20:2:20:Infinity":5,"s:22:15:22:Infinity":6,"s:24:2:42:Infinity":7,"s:26:22:28:Infinity":8,"f:28:7:28:13":2,"s:28:21:28:96":9,"f:28:43:28:49":3,"s:28:59:28:95":10,"b:29:4:29:Infinity:undefined:undefined:undefined:undefined":0,"s:29:4:29:Infinity":11,"s:29:20:29:Infinity":12,"s:31:4:41:Infinity":13,"f:31:15:31:34":4,"b:32:6:40:Infinity:undefined:undefined:undefined:undefined":1,"s:32:6:40:Infinity":14,"b:32:10:32:41:32:41:32:66":2,"s:33:21:33:Infinity":15,"b:34:8:39:Infinity:undefined:undefined:undefined:undefined":3,"s:34:8:39:Infinity":16,"s:35:27:35:Infinity":17,"b:36:10:38:Infinity:undefined:undefined:undefined:undefined":4,"s:36:10:38:Infinity":18,"s:37:12:37:Infinity":19,"s:44:2:44:Infinity":20,"f:47:9:47:17":5,"s:48:15:48:Infinity":21,"s:49:16:49:Infinity":22,"s:50:2:61:Infinity":23,"s:50:15:50:18":24,"s:51:16:51:Infinity":25,"b:52:4:56:Infinity:undefined:undefined:undefined:undefined":5,"s:52:4:56:Infinity":26,"b:52:8:52:38:52:38:52:72":6,"s:53:6:55:Infinity":27,"b:57:4:59:Infinity:undefined:undefined:undefined:undefined":7,"s:57:4:59:Infinity":28,"b:57:8:57:25:57:25:57:59":8,"s:58:6:58:Infinity":29,"s:60:4:60:Infinity":30,"s:62:2:62:Infinity":31,"f:65:9:65:17":6,"s:66:15:66:Infinity":32,"s:67:16:67:Infinity":33,"s:68:2:71:Infinity":34,"b:69:4:69:Infinity:undefined:undefined:undefined:undefined":9,"s:69:4:69:Infinity":35,"b:69:8:69:33:69:33:69:53:69:53:69:72":10,"s:69:72:69:Infinity":36,"s:70:4:70:Infinity":37,"s:72:2:72:Infinity":38,"f:75:9:75:24":7,"s:76:14:76:Infinity":39,"s:77:2:83:Infinity":40,"b:78:4:82:Infinity:80:11:82:Infinity":11,"s:78:4:82:Infinity":41,"b:78:8:78:40:78:40:78:59":12,"s:79:6:79:Infinity":42,"b:80:11:82:Infinity:undefined:undefined:undefined:undefined":13,"s:80:11:82:Infinity":43,"s:81:6:81:Infinity":44,"s:84:2:84:Infinity":45,"f:87:15:87:25":8,"b:88:2:90:Infinity:undefined:undefined:undefined:undefined":14,"s:88:2:90:Infinity":46,"s:89:4:89:Infinity":47,"s:92:20:92:Infinity":48,"f:92:26:92:31":9,"s:92:37:92:45":49,"s:94:2:126:Infinity":50,"s:95:21:95:Infinity":51,"s:96:43:96:Infinity":52,"b:98:4:105:Infinity:undefined:undefined:undefined:undefined":15,"s:98:4:105:Infinity":53,"s:99:6:104:Infinity":54,"s:100:8:100:Infinity":55,"s:102:8:102:Infinity":56,"s:103:8:103:Infinity":57,"s:107:19:107:Infinity":58,"s:109:4:114:Infinity":59,"b:110:6:113:Infinity:undefined:undefined:undefined:undefined":16,"s:110:6:113:Infinity":60,"s:111:8:111:Infinity":61,"s:112:8:112:Infinity":62,"s:116:25:116:Infinity":63,"s:118:20:118:Infinity":64,"s:119:4:119:Infinity":65,"s:120:4:120:Infinity":66,"s:122:4:122:Infinity":67,"s:123:4:123:Infinity":68,"s:124:4:124:Infinity":69,"s:125:4:125:Infinity":70,"s:129:0:143:Infinity":71,"f:134:10:134:17":10,"s:135:4:135:Infinity":72,"s:136:20:136:Infinity":73,"s:137:24:137:Infinity":74,"s:138:18:138:Infinity":75,"s:140:17:140:Infinity":76,"s:141:4:141:Infinity":77,"s:142:4:142:Infinity":78,"f:145:15:145:29":11,"s:146:27:146:Infinity":79,"s:147:20:150:Infinity":80,"f:147:33:147:50":12,"s:148:4:148:Infinity":81,"s:149:4:149:Infinity":82,"s:151:14:151:Infinity":83,"s:152:21:152:Infinity":84,"s:153:20:153:Infinity":85,"f:153:20:153:37":13,"s:153:37:153:57":86,"s:155:2:159:Infinity":87,"s:156:4:156:Infinity":88,"s:158:4:158:Infinity":89,"b:160:2:160:Infinity:undefined:undefined:undefined:undefined":17,"s:160:2:160:Infinity":90,"s:160:15:160:Infinity":91,"s:161:15:161:Infinity":92,"s:162:21:162:Infinity":93,"f:162:29:162:34":14,"s:162:45:162:49":94,"s:163:2:166:Infinity":95,"f:163:28:163:43":15,"s:164:16:164:Infinity":96,"s:165:4:165:Infinity":97,"b:165:33:165:47:165:47:165:Infinity":18,"f:169:9:169:Infinity":16,"b:172:11:172:Infinity":19,"b:173:52:173:Infinity":20,"s:175:2:182:Infinity":98,"s:176:22:176:Infinity":99,"b:176:31:176:52:176:52:176:Infinity":21,"b:177:4:181:Infinity:179:11:181:Infinity":22,"s:177:4:181:Infinity":100,"b:177:8:177:40:177:40:177:59":23,"s:178:6:178:Infinity":101,"b:178:31:178:51:178:51:178:55":24,"b:179:11:181:Infinity:undefined:undefined:undefined:undefined":25,"s:179:11:181:Infinity":102,"b:179:15:179:34:179:34:179:72":26,"s:180:6:180:Infinity":103,"s:183:2:183:Infinity":104,"s:186:0:222:Infinity":105,"f:190:10:190:17":17,"s:191:4:191:Infinity":106,"s:192:24:192:Infinity":107,"s:193:20:193:Infinity":108,"b:194:4:194:Infinity:undefined:undefined:undefined:undefined":27,"s:194:4:194:Infinity":109,"s:194:33:194:Infinity":110,"s:196:20:196:Infinity":111,"s:197:18:197:Infinity":112,"s:199:4:221:Infinity":113,"b:200:6:200:Infinity:undefined:undefined:undefined:undefined":28,"s:200:6:200:Infinity":114,"b:200:10:200:37:200:37:200:69":29,"s:200:69:200:Infinity":115,"s:201:25:201:Infinity":116,"s:202:25:202:Infinity":117,"s:203:25:203:Infinity":118,"s:205:22:205:Infinity":119,"b:206:6:206:Infinity:undefined:undefined:undefined:undefined":30,"s:206:6:206:Infinity":120,"s:206:32:206:Infinity":121,"s:207:6:207:Infinity":122,"s:209:6:216:Infinity":123,"s:210:8:215:Infinity":124,"s:211:29:211:Infinity":125,"s:212:10:212:Infinity":126,"s:214:10:214:Infinity":127,"s:217:22:217:Infinity":128,"s:218:6:218:Infinity":129,"s:219:6:219:Infinity":130,"s:220:6:220:Infinity":131,"s:224:0:224:Infinity":132,"s:225:0:225:Infinity":133},"fnNames":{}}}
}
